[debug] ----------------------------------------------------------------------
[debug] Command:      /usr/local/Cellar/node/7.8.0/bin/node /usr/local/bin/firebase deploy
[debug] CLI Version:  3.5.0
[debug] Platform:     darwin
[debug] Node Version: v7.8.0
[debug] Time:         Fri May 12 2017 16:04:24 GMT-0500 (CDT)
[debug] ----------------------------------------------------------------------
[debug] 
[debug] > command requires scopes: ["email","openid","https://www.googleapis.com/auth/cloudplatformprojects.readonly","https://www.googleapis.com/auth/firebase"]
[debug] >>> HTTP REQUEST GET https://admin.firebase.com/v1/projects/portfolio-14762  
 Fri May 12 2017 16:04:24 GMT-0500 (CDT)
[debug] <<< HTTP RESPONSE 200
[debug] >>> HTTP REQUEST GET https://admin.firebase.com/v1/database/portfolio-14762/tokens  
 Fri May 12 2017 16:04:25 GMT-0500 (CDT)
[debug] <<< HTTP RESPONSE 200
[info] 
[info] === Deploying to 'portfolio-14762'...
[info] 
[info] i  deploying hosting
[info] i  hosting: preparing public directory for upload...
[debug] >>> HTTP REQUEST PUT https://deploy.firebase.com/v1/hosting/portfolio-14762/uploads/-KjyTXK-26J6lNOQah-z?fileCount=5783&message=  
 Fri May 12 2017 16:04:55 GMT-0500 (CDT)
